<?xml version="1.0" encoding="UTF-8"?>
<!-- Generated by org.testng.reporters.JUnitXMLReporter -->
<testsuite ignored="0" hostname="DESKTOP-64MBMPU" failures="0" tests="5" name="Default test" time="139.976" errors="0" timestamp="2024-11-20T17:17:11 IST">
  <testcase classname="com.amazon.removefromecart.test.RemoveFormCartTest" name="searchProduct1" time="8.442"/>
  <testcase classname="com.amazon.removefromecart.test.RemoveFormCartTest" name="addtocart1" time="30.116"/>
  <testcase classname="com.amazon.removefromecart.test.RemoveFormCartTest" name="searchProduct2" time="7.581"/>
  <testcase classname="com.amazon.removefromecart.test.RemoveFormCartTest" name="addtocart2" time="28.837"/>
  <testcase classname="com.amazon.removefromecart.test.RemoveFormCartTest" name="removefromecart" time="22.368"/>
</testsuite> <!-- Default test -->
