<?xml version="1.0" encoding="UTF-8"?>
<testng-results ignored="0" total="5" passed="5" failed="0" skipped="0">
  <reporter-output>
  </reporter-output>
  <suite started-at="2024-11-20T17:14:51 IST" name="Default suite" finished-at="2024-11-20T17:17:11 IST" duration-ms="139976">
    <groups>
    </groups>
    <test started-at="2024-11-20T17:14:51 IST" name="Default test" finished-at="2024-11-20T17:17:11 IST" duration-ms="139976">
      <class name="com.amazon.removefromecart.test.RemoveFormCartTest">
        <test-method is-config="true" signature="initApp()[pri:0, instance:com.amazon.removefromecart.test.RemoveFormCartTest@7ae0a9ec]" started-at="2024-11-20T17:14:51 IST" name="initApp" finished-at="2024-11-20T17:15:32 IST" duration-ms="41214" status="PASS">
          <reporter-output>
          </reporter-output>
        </test-method> <!-- initApp -->
        <test-method signature="searchProduct1()[pri:1, instance:com.amazon.removefromecart.test.RemoveFormCartTest@7ae0a9ec]" started-at="2024-11-20T17:15:32 IST" name="searchProduct1" finished-at="2024-11-20T17:15:40 IST" duration-ms="8442" status="PASS">
          <reporter-output>
          </reporter-output>
        </test-method> <!-- searchProduct1 -->
        <test-method signature="addtocart1()[pri:2, instance:com.amazon.removefromecart.test.RemoveFormCartTest@7ae0a9ec]" started-at="2024-11-20T17:15:40 IST" name="addtocart1" finished-at="2024-11-20T17:16:10 IST" duration-ms="30116" status="PASS">
          <reporter-output>
          </reporter-output>
        </test-method> <!-- addtocart1 -->
        <test-method signature="searchProduct2()[pri:3, instance:com.amazon.removefromecart.test.RemoveFormCartTest@7ae0a9ec]" started-at="2024-11-20T17:16:10 IST" name="searchProduct2" finished-at="2024-11-20T17:16:18 IST" duration-ms="7581" status="PASS">
          <reporter-output>
          </reporter-output>
        </test-method> <!-- searchProduct2 -->
        <test-method signature="addtocart2()[pri:4, instance:com.amazon.removefromecart.test.RemoveFormCartTest@7ae0a9ec]" started-at="2024-11-20T17:16:18 IST" name="addtocart2" finished-at="2024-11-20T17:16:47 IST" duration-ms="28837" status="PASS">
          <reporter-output>
          </reporter-output>
        </test-method> <!-- addtocart2 -->
        <test-method signature="removefromecart()[pri:5, instance:com.amazon.removefromecart.test.RemoveFormCartTest@7ae0a9ec]" started-at="2024-11-20T17:16:47 IST" name="removefromecart" finished-at="2024-11-20T17:17:09 IST" duration-ms="22368" status="PASS">
          <reporter-output>
          </reporter-output>
        </test-method> <!-- removefromecart -->
        <test-method is-config="true" signature="closeApp()[pri:0, instance:com.amazon.removefromecart.test.RemoveFormCartTest@7ae0a9ec]" started-at="2024-11-20T17:17:09 IST" name="closeApp" finished-at="2024-11-20T17:17:11 IST" duration-ms="1359" status="PASS">
          <reporter-output>
          </reporter-output>
        </test-method> <!-- closeApp -->
      </class> <!-- com.amazon.removefromecart.test.RemoveFormCartTest -->
    </test> <!-- Default test -->
  </suite> <!-- Default suite -->
</testng-results>
