<?xml version="1.0" encoding="UTF-8"?>
<!-- Generated by org.testng.reporters.JUnitXMLReporter -->
<testsuite ignored="0" hostname="DESKTOP-64MBMPU" failures="0" tests="2" name="Default test" time="82.466" errors="0" timestamp="2024-12-23T14:07:06 IST">
  <testcase classname="com.opencart.addtocart.tests.AddToCartTest" name="verifyAddToCart" time="1.366"/>
  <testcase classname="com.opencart.addtocart.tests.AddToCartTest" name="verifyRemoveFromCart" time="11.332"/>
</testsuite> <!-- Default test -->
