<?xml version="1.0" encoding="UTF-8"?>
<testng-results ignored="0" total="2" passed="2" failed="0" skipped="0">
  <reporter-output>
  </reporter-output>
  <suite started-at="2024-12-23T14:05:43 IST" name="Default suite" finished-at="2024-12-23T14:07:06 IST" duration-ms="82466">
    <groups>
    </groups>
    <test started-at="2024-12-23T14:05:43 IST" name="Default test" finished-at="2024-12-23T14:07:06 IST" duration-ms="82466">
      <class name="com.opencart.addtocart.tests.AddToCartTest">
        <test-method is-config="true" signature="initTestData()[pri:0, instance:com.opencart.addtocart.tests.AddToCartTest@3eb91815]" started-at="2024-12-23T14:05:43 IST" name="initTestData" finished-at="2024-12-23T14:05:43 IST" duration-ms="43" status="PASS">
          <reporter-output>
          </reporter-output>
        </test-method> <!-- initTestData -->
        <test-method is-config="true" signature="initApp()[pri:0, instance:com.opencart.addtocart.tests.AddToCartTest@3eb91815]" started-at="2024-12-23T14:05:43 IST" name="initApp" finished-at="2024-12-23T14:06:53 IST" duration-ms="69729" status="PASS">
          <reporter-output>
          </reporter-output>
        </test-method> <!-- initApp -->
        <test-method signature="verifyAddToCart()[pri:1, instance:com.opencart.addtocart.tests.AddToCartTest@3eb91815]" started-at="2024-12-23T14:06:53 IST" name="verifyAddToCart" finished-at="2024-12-23T14:06:54 IST" duration-ms="1366" status="PASS">
          <reporter-output>
          </reporter-output>
        </test-method> <!-- verifyAddToCart -->
        <test-method signature="verifyRemoveFromCart()[pri:2, instance:com.opencart.addtocart.tests.AddToCartTest@3eb91815]" started-at="2024-12-23T14:06:54 IST" name="verifyRemoveFromCart" finished-at="2024-12-23T14:07:06 IST" duration-ms="11332" status="PASS">
          <reporter-output>
          </reporter-output>
        </test-method> <!-- verifyRemoveFromCart -->
        <test-method is-config="true" signature="closeApp()[pri:0, instance:com.opencart.addtocart.tests.AddToCartTest@3eb91815]" started-at="2024-12-23T14:07:06 IST" name="closeApp" finished-at="2024-12-23T14:07:06 IST" duration-ms="1" status="PASS">
          <reporter-output>
          </reporter-output>
        </test-method> <!-- closeApp -->
      </class> <!-- com.opencart.addtocart.tests.AddToCartTest -->
    </test> <!-- Default test -->
  </suite> <!-- Default suite -->
</testng-results>
